<?xml version="1.0" encoding="UTF-8"?>
<!-- Generated by org.testng.reporters.JUnitReportReporter -->
<testsuite hostname="DESKTOP-IJJJ2P2" failures="0" tests="1" name="first.firstOne" time="11.638" errors="0" timestamp="2024-02-28T16:25:03 IST" skipped="0">
  <testcase classname="first.firstOne" name="mm" time="11.638"/>
</testsuite> <!-- first.firstOne -->
