<?xml version="1.0" encoding="UTF-8"?>
<!-- Generated by org.testng.reporters.JUnitReportReporter -->
<testsuite hostname="DESKTOP-IJJJ2P2" failures="0" tests="1" name="first.firstOne" time="4.674" errors="0" timestamp="2024-02-28T12:42:50 IST" skipped="0">
  <testcase classname="first.firstOne" name="mm" time="4.674"/>
</testsuite> <!-- first.firstOne -->
